Arguments: 
  /Users/afrancis/.nvm/versions/node/v10.19.0/bin/node /usr/local/Cellar/yarn/1.15.2/libexec/bin/yarn.js

PATH: 
  /Users/afrancis/google-cloud-sdk/bin:/Users/afrancis/.nvm/versions/node/v10.19.0/bin:/usr/local/bin:/usr/bin:/bin:/usr/sbin:/sbin

Yarn version: 
  1.15.2

Node version: 
  10.19.0

Platform: 
  darwin x64

Trace: 
  Error: getaddrinfo ENOTFOUND npm-proxy.spotify.net npm-proxy.spotify.net:80
      at GetAddrInfoReqWrap.onlookup [as oncomplete] (dns.js:56:26)

npm manifest: 
  {
    "name": "DA-dissertation-experiment",
    "version": "1.0.0",
    "main": "index.js",
    "license": "MIT",
    "scripts": {
      "build": "webpack -p",
      "start": "yarn build && node index",
      "start:server": "yarn build && yarn nodemon server/index.js",
      "start:client": "webpack-dev-server",
      "seed": "psql -f server/init.sql",
      "test:client": "mocha --require test/client/helper \"test/client/**/*_spec.js\" --recursive --exit",
      "test:server": "nyc mocha test/server/**/*_spec.js --require test/server/helper --recursive --exit"
    },
    "devDependencies": {
      "atob": "^2.1.1",
      "babel-cli": "^6.18.0",
      "babel-core": "^6.26.0",
      "babel-loader": "^7.1.2",
      "babel-plugin-transform-class-properties": "^6.24.1",
      "babel-plugin-transform-object-rest-spread": "^6.26.0",
      "babel-preset-env": "^1.6.1",
      "babel-preset-react": "^6.24.1",
      "chai": "^4.1.2",
      "copy-webpack-plugin": "^4.4.1",
      "css-loader": "^0.28.9",
      "enzyme": "^3.3.0",
      "enzyme-adapter-react-16": "^1.1.1",
      "file-loader": "^1.1.8",
      "html-webpack-plugin": "^2.30.1",
      "jsdom": "^11.10.0",
      "mocha": "^5.2.0",
      "sinon": "^5.0.7",
      "style-loader": "^0.20.2",
      "supertest": "^3.1.0",
      "url-loader": "^0.6.2",
      "webpack": "^3.11.0",
      "webpack-dev-server": "^2.11.1"
    },
    "dependencies": {
      "axios": "^0.18.0",
      "bcrypt": "^2.0.1",
      "bluebird": "^3.5.1",
      "body-parser": "^1.18.3",
      "cors": "^2.8.5",
      "dotenv": "^8.2.0",
      "express": "^4.16.3",
      "jsonwebtoken": "^8.2.1",
      "lodash": "^4.17.10",
      "moment": "^2.24.0",
      "nodemon": "^1.18.7",
      "npm-check-updates": "^3.0.8",
      "nyc": "^13.1.0",
      "pg": "^7.18.2",
      "react": "^16.3.2",
      "react-dom": "^16.3.2",
      "react-leaflet": "^2.1.2",
      "react-map-gl": "^4.0.5",
      "react-redux": "^7.0.1",
      "react-router-dom": "^4.3.1",
      "react-scripts": "^2.1.1",
      "react-search-field": "^1.0.0",
      "redux": "^4.0.1"
    }
  }

yarn manifest: 
  No manifest

Lockfile: 
  No lockfile
